<?xml version="1.0" encoding="UTF-8"?>
<!-- Generated by org.testng.reporters.JUnitReportReporter -->
<testsuite hostname="Dell" name="com.qa.test.HomePagetest" tests="3" failures="0" timestamp="9 Jan 2019 07:17:39 GMT" time="2.256" errors="0">
  <testcase name="getname" time="0.047" classname="com.qa.test.HomePagetest"/>
  <testcase name="gettitltest" time="0.011" classname="com.qa.test.HomePagetest"/>
  <testcase name="contact" time="2.198" classname="com.qa.test.HomePagetest"/>
</testsuite> <!-- com.qa.test.HomePagetest -->
