<?xml version="1.0" encoding="UTF-8"?>
<!-- Generated by org.testng.reporters.JUnitReportReporter -->
<testsuite hostname="Dell" name="com.qa.test.ContactsTestPage" tests="3" failures="0" timestamp="6 Jan 2019 12:44:26 GMT" time="17.790" errors="0">
  <testcase name="validatenewcontact" time="5.371" classname="com.qa.test.ContactsTestPage"/>
  <testcase name="validatenewcontact" time="6.937" classname="com.qa.test.ContactsTestPage"/>
  <testcase name="validatenewcontact" time="5.482" classname="com.qa.test.ContactsTestPage"/>
</testsuite> <!-- com.qa.test.ContactsTestPage -->
