<?xml version="1.0" encoding="UTF-8"?>
<!-- Generated by org.testng.reporters.JUnitReportReporter -->
<testsuite hostname="Dell" name="com.qa.test.HomePagetest" tests="3" failures="0" timestamp="9 Jan 2019 05:44:17 GMT" time="2.110" errors="0">
  <testcase name="contact" time="1.999" classname="com.qa.test.HomePagetest"/>
  <testcase name="gettitltest" time="0.018" classname="com.qa.test.HomePagetest"/>
  <testcase name="getname" time="0.093" classname="com.qa.test.HomePagetest"/>
</testsuite> <!-- com.qa.test.HomePagetest -->
